<?xml version="1.0" encoding="UTF-8"?>
<!-- Generated by org.testng.reporters.JUnitReportReporter -->
<testsuite hostname="ADMIN" failures="0" tests="2" name="LeetcodeOperation.testRunner" time="17.038" errors="0" timestamp="2024-12-13T19:14:34 IST" skipped="0">
  <testcase classname="LeetcodeOperation.testRunner" name="runScenario" time="11.085"/>
  <testcase classname="LeetcodeOperation.testRunner" name="runScenario" time="5.953"/>
</testsuite> <!-- LeetcodeOperation.testRunner -->
